{
  "tests" : [ {
    "name" : "Check height/width of search in iPhone 5S",
    "startedAt" : 1571300630463,
    "endedAt" : 1571300631680,
    "failed" : true,
    "statistic" : {
      "passed" : 0,
      "errors" : 1,
      "warnings" : 0,
      "total" : 1
    },
    "testId" : "1-check-height-width-of-search-in-iphone-5s",
    "duration" : 1217,
    "exceptionMessage" : "RuntimeException: org.openqa.selenium.WebDriverException: Could not find device: iPhone 5S (WARNING: The server did not provide any stacktrace information)\nCommand duration or timeout: 643 milliseconds\nBuild info: version: 'unknown', revision: 'unknown', time: 'unknown'\nSystem info: host: 'DE-ARI-1WHTVT2', ip: '192.168.56.1', os.name: 'Windows 10', os.arch: 'amd64', os.version: '10.0', java.version: '1.8.0_221'\nDriver info: driver.version: RemoteWebDriver",
    "exceptionStacktrace" : "java.lang.RuntimeException: org.openqa.selenium.WebDriverException: Could not find device: iPhone 5S (WARNING: The server did not provide any stacktrace information)\nCommand duration or timeout: 643 milliseconds\nBuild info: version: 'unknown', revision: 'unknown', time: 'unknown'\nSystem info: host: 'DE-ARI-1WHTVT2', ip: '192.168.56.1', os.name: 'Windows 10', os.arch: 'amd64', os.version: '10.0', java.version: '1.8.0_221'\nDriver info: driver.version: RemoteWebDriver\r\n\tat com.galenframework.browser.SeleniumGridBrowserFactory.openBrowser(SeleniumGridBrowserFactory.java:53)\r\n\tat com.galenframework.runner.GalenBasicTestRunner.runTest(GalenBasicTestRunner.java:73)\r\n\tat com.galenframework.tests.GalenBasicTest.execute(GalenBasicTest.java:55)\r\n\tat com.galenframework.TestRunnable.runTest(TestRunnable.java:75)\r\n\tat com.galenframework.TestRunnable.run(TestRunnable.java:101)\r\n\tat java.util.concurrent.ThreadPoolExecutor.runWorker(Unknown Source)\r\n\tat java.util.concurrent.ThreadPoolExecutor$Worker.run(Unknown Source)\r\n\tat java.lang.Thread.run(Unknown Source)\r\nCaused by: org.openqa.selenium.WebDriverException: Could not find device: iPhone 5S (WARNING: The server did not provide any stacktrace information)\nCommand duration or timeout: 643 milliseconds\nBuild info: version: 'unknown', revision: 'unknown', time: 'unknown'\nSystem info: host: 'DE-ARI-1WHTVT2', ip: '192.168.56.1', os.name: 'Windows 10', os.arch: 'amd64', os.version: '10.0', java.version: '1.8.0_221'\nDriver info: driver.version: RemoteWebDriver\r\n\tat sun.reflect.NativeConstructorAccessorImpl.newInstance0(Native Method)\r\n\tat sun.reflect.NativeConstructorAccessorImpl.newInstance(Unknown Source)\r\n\tat sun.reflect.DelegatingConstructorAccessorImpl.newInstance(Unknown Source)\r\n\tat java.lang.reflect.Constructor.newInstance(Unknown Source)\r\n\tat org.openqa.selenium.remote.ErrorHandler.createThrowable(ErrorHandler.java:214)\r\n\tat org.openqa.selenium.remote.ErrorHandler.throwIfResponseFailed(ErrorHandler.java:166)\r\n\tat org.openqa.selenium.remote.JsonWireProtocolResponse.lambda$new$0(JsonWireProtocolResponse.java:53)\r\n\tat org.openqa.selenium.remote.JsonWireProtocolResponse.lambda$getResponseFunction$2(JsonWireProtocolResponse.java:91)\r\n\tat org.openqa.selenium.remote.ProtocolHandshake.lambda$createSession$0(ProtocolHandshake.java:122)\r\n\tat java.util.stream.ReferencePipeline$3$1.accept(Unknown Source)\r\n\tat java.util.Spliterators$ArraySpliterator.tryAdvance(Unknown Source)\r\n\tat java.util.stream.ReferencePipeline.forEachWithCancel(Unknown Source)\r\n\tat java.util.stream.AbstractPipeline.copyIntoWithCancel(Unknown Source)\r\n\tat java.util.stream.AbstractPipeline.copyInto(Unknown Source)\r\n\tat java.util.stream.AbstractPipeline.wrapAndCopyInto(Unknown Source)\r\n\tat java.util.stream.FindOps$FindOp.evaluateSequential(Unknown Source)\r\n\tat java.util.stream.AbstractPipeline.evaluate(Unknown Source)\r\n\tat java.util.stream.ReferencePipeline.findFirst(Unknown Source)\r\n\tat org.openqa.selenium.remote.ProtocolHandshake.createSession(ProtocolHandshake.java:125)\r\n\tat org.openqa.selenium.remote.ProtocolHandshake.createSession(ProtocolHandshake.java:73)\r\n\tat org.openqa.selenium.remote.HttpCommandExecutor.execute(HttpCommandExecutor.java:136)\r\n\tat org.openqa.selenium.remote.RemoteWebDriver.execute(RemoteWebDriver.java:548)\r\n\tat org.openqa.selenium.remote.RemoteWebDriver.startSession(RemoteWebDriver.java:212)\r\n\tat org.openqa.selenium.remote.RemoteWebDriver.<init>(RemoteWebDriver.java:130)\r\n\tat org.openqa.selenium.remote.RemoteWebDriver.<init>(RemoteWebDriver.java:143)\r\n\tat com.galenframework.browser.SeleniumGridBrowserFactory.openBrowser(SeleniumGridBrowserFactory.java:48)\r\n\t... 7 more\r\n",
    "failed" : true
  }, {
    "name" : "Check height/width of search in OSX-Firefox 39",
    "startedAt" : 1571300631680,
    "endedAt" : 1571300638923,
    "failed" : false,
    "statistic" : {
      "passed" : 2,
      "errors" : 0,
      "warnings" : 0,
      "total" : 2
    },
    "testId" : "2-check-height-width-of-search-in-osx-firefox-39",
    "duration" : 7243,
    "failed" : false
  }, {
    "name" : "Check height/width of search in Win-Chrome 43",
    "startedAt" : 1571300630463,
    "endedAt" : 1571300639973,
    "failed" : false,
    "statistic" : {
      "passed" : 2,
      "errors" : 0,
      "warnings" : 0,
      "total" : 2
    },
    "testId" : "3-check-height-width-of-search-in-win-chrome-43",
    "duration" : 9510,
    "failed" : false
  } ]
}