<html>
    <head>
        <title>Galen Reports</title>
        <meta charset="utf-8" />
        <link rel="stylesheet" type="text/css" href="galen-report.css"></link>
        <script src="vue.js"></script>
        <script src="galen-report.js"></script>
        <script>
        var REPORT_DATA = {
  "tests" : [ {
    "name" : "Check height/width of search in iPhone 5S",
    "startedAt" : 1571300630463,
    "endedAt" : 1571300631680,
    "failed" : true,
    "statistic" : {
      "passed" : 0,
      "errors" : 1,
      "warnings" : 0,
      "total" : 1
    },
    "testId" : "1-check-height-width-of-search-in-iphone-5s",
    "duration" : 1217,
    "exceptionMessage" : "RuntimeException: org.openqa.selenium.WebDriverException: Could not find device: iPhone 5S (WARNING: The server did not provide any stacktrace information)\nCommand duration or timeout: 643 milliseconds\nBuild info: version: 'unknown', revision: 'unknown', time: 'unknown'\nSystem info: host: 'DE-ARI-1WHTVT2', ip: '192.168.56.1', os.name: 'Windows 10', os.arch: 'amd64', os.version: '10.0', java.version: '1.8.0_221'\nDriver info: driver.version: RemoteWebDriver",
    "exceptionStacktrace" : "java.lang.RuntimeException: org.openqa.selenium.WebDriverException: Could not find device: iPhone 5S (WARNING: The server did not provide any stacktrace information)\nCommand duration or timeout: 643 milliseconds\nBuild info: version: 'unknown', revision: 'unknown', time: 'unknown'\nSystem info: host: 'DE-ARI-1WHTVT2', ip: '192.168.56.1', os.name: 'Windows 10', os.arch: 'amd64', os.version: '10.0', java.version: '1.8.0_221'\nDriver info: driver.version: RemoteWebDriver\r\n\tat com.galenframework.browser.SeleniumGridBrowserFactory.openBrowser(SeleniumGridBrowserFactory.java:53)\r\n\tat com.galenframework.runner.GalenBasicTestRunner.runTest(GalenBasicTestRunner.java:73)\r\n\tat com.galenframework.tests.GalenBasicTest.execute(GalenBasicTest.java:55)\r\n\tat com.galenframework.TestRunnable.runTest(TestRunnable.java:75)\r\n\tat com.galenframework.TestRunnable.run(TestRunnable.java:101)\r\n\tat java.util.concurrent.ThreadPoolExecutor.runWorker(Unknown Source)\r\n\tat java.util.concurrent.ThreadPoolExecutor$Worker.run(Unknown Source)\r\n\tat java.lang.Thread.run(Unknown Source)\r\nCaused by: org.openqa.selenium.WebDriverException: Could not find device: iPhone 5S (WARNING: The server did not provide any stacktrace information)\nCommand duration or timeout: 643 milliseconds\nBuild info: version: 'unknown', revision: 'unknown', time: 'unknown'\nSystem info: host: 'DE-ARI-1WHTVT2', ip: '192.168.56.1', os.name: 'Windows 10', os.arch: 'amd64', os.version: '10.0', java.version: '1.8.0_221'\nDriver info: driver.version: RemoteWebDriver\r\n\tat sun.reflect.NativeConstructorAccessorImpl.newInstance0(Native Method)\r\n\tat sun.reflect.NativeConstructorAccessorImpl.newInstance(Unknown Source)\r\n\tat sun.reflect.DelegatingConstructorAccessorImpl.newInstance(Unknown Source)\r\n\tat java.lang.reflect.Constructor.newInstance(Unknown Source)\r\n\tat org.openqa.selenium.remote.ErrorHandler.createThrowable(ErrorHandler.java:214)\r\n\tat org.openqa.selenium.remote.ErrorHandler.throwIfResponseFailed(ErrorHandler.java:166)\r\n\tat org.openqa.selenium.remote.JsonWireProtocolResponse.lambda$new$0(JsonWireProtocolResponse.java:53)\r\n\tat org.openqa.selenium.remote.JsonWireProtocolResponse.lambda$getResponseFunction$2(JsonWireProtocolResponse.java:91)\r\n\tat org.openqa.selenium.remote.ProtocolHandshake.lambda$createSession$0(ProtocolHandshake.java:122)\r\n\tat java.util.stream.ReferencePipeline$3$1.accept(Unknown Source)\r\n\tat java.util.Spliterators$ArraySpliterator.tryAdvance(Unknown Source)\r\n\tat java.util.stream.ReferencePipeline.forEachWithCancel(Unknown Source)\r\n\tat java.util.stream.AbstractPipeline.copyIntoWithCancel(Unknown Source)\r\n\tat java.util.stream.AbstractPipeline.copyInto(Unknown Source)\r\n\tat java.util.stream.AbstractPipeline.wrapAndCopyInto(Unknown Source)\r\n\tat java.util.stream.FindOps$FindOp.evaluateSequential(Unknown Source)\r\n\tat java.util.stream.AbstractPipeline.evaluate(Unknown Source)\r\n\tat java.util.stream.ReferencePipeline.findFirst(Unknown Source)\r\n\tat org.openqa.selenium.remote.ProtocolHandshake.createSession(ProtocolHandshake.java:125)\r\n\tat org.openqa.selenium.remote.ProtocolHandshake.createSession(ProtocolHandshake.java:73)\r\n\tat org.openqa.selenium.remote.HttpCommandExecutor.execute(HttpCommandExecutor.java:136)\r\n\tat org.openqa.selenium.remote.RemoteWebDriver.execute(RemoteWebDriver.java:548)\r\n\tat org.openqa.selenium.remote.RemoteWebDriver.startSession(RemoteWebDriver.java:212)\r\n\tat org.openqa.selenium.remote.RemoteWebDriver.<init>(RemoteWebDriver.java:130)\r\n\tat org.openqa.selenium.remote.RemoteWebDriver.<init>(RemoteWebDriver.java:143)\r\n\tat com.galenframework.browser.SeleniumGridBrowserFactory.openBrowser(SeleniumGridBrowserFactory.java:48)\r\n\t... 7 more\r\n",
    "failed" : true
  }, {
    "name" : "Check height/width of search in OSX-Firefox 39",
    "startedAt" : 1571300631680,
    "endedAt" : 1571300638923,
    "failed" : false,
    "statistic" : {
      "passed" : 2,
      "errors" : 0,
      "warnings" : 0,
      "total" : 2
    },
    "testId" : "2-check-height-width-of-search-in-osx-firefox-39",
    "duration" : 7243,
    "failed" : false
  }, {
    "name" : "Check height/width of search in Win-Chrome 43",
    "startedAt" : 1571300630463,
    "endedAt" : 1571300639973,
    "failed" : false,
    "statistic" : {
      "passed" : 2,
      "errors" : 0,
      "warnings" : 0,
      "total" : 2
    },
    "testId" : "3-check-height-width-of-search-in-win-chrome-43",
    "duration" : 9510,
    "failed" : false
  } ]
};
        </script>

    </head>
    <body>
        <div id="app">
            <div class="overview-table-wrapper">
                <div v-if="groups.length > 0">
                    <h4>Groups</h4>
                    <ul class="test-groups">
                        <li>
                            <span class="link" v-on:click="toggleAllGroups()">All</label>
                        </li>
                        <li v-for="(group, groupIndex) in groups">
                            <span v-if="selectedGroup !== group.name" class="link" v-on:click="toggleGroup(group.name)">{{group.name}}</span>
                            <span v-else>{{group.name}}</span>
                        </li>
                    </ul>
                </div>

                <table class="overview-table">
                    <thead>
                        <tr>
                            <th v-for="column in tableColumns" v-bind:class="{'sorted-column': sorting.columnField === column.field}">
                                <span class="link" v-on:click="sortTable(column)">{{column.name}}</span>
                                <span class="sorting-icon"
                                    v-if="sorting.columnField === column.field"
                                    v-bind:class="[sorting.order === 1 ? 'sorting-down' : 'sorting-up']"></span>
                            </th>
                            <th></th>
                        </tr>
                    </thead>
                    <tbody>
                        <tr v-for="test in tests" v-if="test.show">
                            <td v-for="column in tableColumns" v-bind:class="['cell-' + column.field]">
                                <div v-if="column.field === 'name'">
                                    <a class="link" v-bind:href="test.testId + '.html'">{{test.name.value}}</a>
                                </div>
                                <div v-else>{{test[column.field].value}}</div>
                            </td>
                            <td>
                                <table class="progress-bar">
                                    <tbody>
                                        <tr>
                                            <td class="bar-passed"
                                                v-bind:style="{width: test.progress.passed + '%'}"
                                                v-bind:class="{hidden: test.progress.passed < 0.5}"></td>
                                            <td class="bar-failed"
                                                v-bind:style="{width: test.progress.failed + '%'}"
                                                v-bind:class="{hidden: test.progress.failed < 0.5}"></td>
                                            <td class="bar-warning"
                                                v-bind:style="{width: test.progress.warning + '%'}"
                                                v-bind:class="{hidden: test.progress.warning < 0.5}"></td>
                                        </tr>
                                    </tbody>
                                </table>
                            </td>
                        </tr>
                    </tbody>
                </table>
            </div>
        </div>
        <script>renderTestOverviewReport(REPORT_DATA);</script>
    </body>
</html>
